<?xml version="1.0" encoding="UTF-8"?>
<testsuite xmlns:xsi="http://www.w3.org/2001/XMLSchema-instance" xsi:noNamespaceSchemaLocation="https://maven.apache.org/surefire/maven-surefire-plugin/xsd/surefire-test-report-3.0.xsd" version="3.0" name="com.lamdatest.jbehave.login.RunLoginStoryTest" time="29.101" tests="1" errors="0" skipped="0" failures="0">
  <properties>
[...]
</properties>
  <testcase name="runStory" classname="com.lamdatest.jbehave.login.RunLoginStoryTest" time="28.675">
    <system-out><![CDATA[Runner initialized...
Processing system properties {}
Using controls EmbedderControls[batch=false,skip=false,generateViewAfterStories=true,ignoreFailureInStories=false,ignoreFailureInView=false,verboseFailures=false,verboseFiltering=false,storyTimeouts=300,threads=1,failOnStoryTimeout=false]

(BeforeStories)

Running story stories/login.story

(stories/login.story)

🔗 Connecting to LambdaTest...
Using timeout for story login.story of 300 secs.

Scenario: Valid login
Given the user is on the login page
When the user enters valid credentials
✅ Dashboard detected successfully.
Then the user should see the dashboard





(AfterStories)

Generating reports view to 'C:\Users\user\Downloads\Lamdatest_JBehave_Testing (2)\Lamdatest_JBehave_Testing\jbehave_login_test\target\jbehave' using formats '[console, html, stats]' and view properties '{reports=ftl/jbehave-reports.ftl, nonDecorated=ftl/jbehave-report-non-decorated.ftl, maps=ftl/jbehave-maps.ftl, navigator=ftl/jbehave-navigator.ftl, views=ftl/jbehave-views.ftl, decorated=ftl/jbehave-report-decorated.ftl}'
Reports view generated with 2 stories (of which 0 pending) containing 1 scenarios (of which 0 pending)
]]></system-out>
    <system-err><![CDATA[SLF4J: Class path contains multiple SLF4J providers.
SLF4J: Found provider [ch.qos.logback.classic.spi.LogbackServiceProvider@4d339552]
SLF4J: Found provider [org.slf4j.simple.SimpleServiceProvider@f0f2775]
SLF4J: See https://www.slf4j.org/codes.html#multiple_bindings for an explanation.
SLF4J: Actual provider is of type [ch.qos.logback.classic.spi.LogbackServiceProvider@4d339552]
Nov 01, 2025 5:34:39 PM org.openqa.selenium.remote.tracing.opentelemetry.OpenTelemetryTracer createTracer
INFO: Using OpenTelemetry for tracing
]]></system-err>
  </testcase>
</testsuite>